<?xml version="1.0" encoding="UTF-8"?>
<testng-results ignored="0" total="1" passed="1" failed="0" skipped="0">
  <reporter-output>
  </reporter-output>
  <suite started-at="2020-10-04T19:19:18 IST" name="Default suite" finished-at="2020-10-04T19:20:17 IST" duration-ms="58410">
    <groups>
    </groups>
    <test started-at="2020-10-04T19:19:18 IST" name="Default test" finished-at="2020-10-04T19:20:17 IST" duration-ms="58410">
      <class name="com.vervesquare.qa.testcases.FlightPageTest">
        <test-method is-config="true" signature="setUP()[pri:0, instance:com.vervesquare.qa.testcases.FlightPageTest@6b19b79]" started-at="2020-10-04T19:19:18 IST" name="setUP" finished-at="2020-10-04T19:19:28 IST" duration-ms="9141" status="PASS">
          <reporter-output>
          </reporter-output>
        </test-method> <!-- setUP -->
        <test-method signature="automateVerveSquareScenario()[pri:0, instance:com.vervesquare.qa.testcases.FlightPageTest@6b19b79]" started-at="2020-10-04T19:19:28 IST" name="automateVerveSquareScenario" finished-at="2020-10-04T19:20:16 IST" duration-ms="48399" status="PASS">
          <reporter-output>
          </reporter-output>
        </test-method> <!-- automateVerveSquareScenario -->
        <test-method is-config="true" signature="tearDown()[pri:0, instance:com.vervesquare.qa.testcases.FlightPageTest@6b19b79]" started-at="2020-10-04T19:20:16 IST" name="tearDown" finished-at="2020-10-04T19:20:17 IST" duration-ms="837" status="PASS">
          <reporter-output>
          </reporter-output>
        </test-method> <!-- tearDown -->
      </class> <!-- com.vervesquare.qa.testcases.FlightPageTest -->
    </test> <!-- Default test -->
  </suite> <!-- Default suite -->
</testng-results>
